<?xml version="1.0" encoding="UTF-8"?>
<coverage generated="1496336214468" clover="3.2.0">
  <project timestamp="1496336214468" name="All files">
    <metrics statements="7" coveredstatements="0" conditionals="49" coveredconditionals="0" methods="18" coveredmethods="0" elements="74" coveredelements="0" complexity="0" loc="7" ncloc="7" packages="1" files="1" classes="1">
      <file name="Modal.js" path="/Users/ulantja/Workspace/Modal/src/js/Modal.js">
        <metrics statements="7" coveredstatements="0" conditionals="49" coveredconditionals="0" methods="18" coveredmethods="0"/>
        <line num="1" count="0" type="stmt"/>
        <line num="166" count="0" type="stmt"/>
        <line num="167" count="0" type="stmt"/>
        <line num="168" count="0" type="stmt"/>
        <line num="169" count="0" type="stmt"/>
        <line num="171" count="0" type="stmt"/>
        <line num="172" count="0" type="stmt"/>
      </file>
    </metrics>
  </project>
</coverage>
