{"/Users/ulantja/Workspace/Modal/src/js/Modal.js": {"path":"/Users/ulantja/Workspace/Modal/src/js/Modal.js","statementMap":{"0":{"start":{"line":1,"column":39},"end":{"line":1,"column":101}},"1":{"start":{"line":1,"column":120},"end":{"line":1,"column":649}},"2":{"start":{"line":1,"column":175},"end":{"line":1,"column":440}},"3":{"start":{"line":1,"column":232},"end":{"line":1,"column":240}},"4":{"start":{"line":1,"column":241},"end":{"line":1,"column":296}},"5":{"start":{"line":1,"column":296},"end":{"line":1,"column":327}},"6":{"start":{"line":1,"column":327},"end":{"line":1,"column":381}},"7":{"start":{"line":1,"column":354},"end":{"line":1,"column":381}},"8":{"start":{"line":1,"column":381},"end":{"line":1,"column":439}},"9":{"start":{"line":1,"column":441},"end":{"line":1,"column":646}},"10":{"start":{"line":1,"column":497},"end":{"line":1,"column":565}},"11":{"start":{"line":1,"column":513},"end":{"line":1,"column":565}},"12":{"start":{"line":1,"column":565},"end":{"line":1,"column":625}},"13":{"start":{"line":1,"column":582},"end":{"line":1,"column":625}},"14":{"start":{"line":1,"column":625},"end":{"line":1,"column":644}},"15":{"start":{"line":1,"column":650},"end":{"line":96,"column":20}},"16":{"start":{"line":194,"column":757},"end":{"line":194,"column":856}},"17":{"start":{"line":194,"column":798},"end":{"line":194,"column":855}},"18":{"start":{"line":194,"column":906},"end":{"line":194,"column":1005}},"19":{"start":{"line":194,"column":918},"end":{"line":194,"column":1004}},"20":{"start":{"line":194,"column":1005},"end":{"line":194,"column":1091}},"21":{"start":{"line":194,"column":1134},"end":{"line":194,"column":1297}},"22":{"start":{"line":194,"column":1196},"end":{"line":194,"column":1296}},"23":{"start":{"line":194,"column":1297},"end":{"line":194,"column":1461}},"24":{"start":{"line":194,"column":1461},"end":{"line":194,"column":1579}},"25":{"start":{"line":194,"column":1477},"end":{"line":194,"column":1579}},"26":{"start":{"line":194,"column":1592},"end":{"line":194,"column":5212}},"27":{"start":{"line":194,"column":1615},"end":{"line":194,"column":1644}},"28":{"start":{"line":194,"column":1760},"end":{"line":194,"column":1861}},"29":{"start":{"line":194,"column":2727},"end":{"line":194,"column":5180}},"30":{"start":{"line":194,"column":2841},"end":{"line":194,"column":2926}},"31":{"start":{"line":194,"column":2901},"end":{"line":194,"column":2925}},"32":{"start":{"line":194,"column":2926},"end":{"line":194,"column":2938}},"33":{"start":{"line":194,"column":3326},"end":{"line":194,"column":5174}},"34":{"start":{"line":194,"column":5180},"end":{"line":194,"column":5193}},"35":{"start":{"line":194,"column":5349},"end":{"line":194,"column":5865}},"36":{"start":{"line":194,"column":5886},"end":{"line":194,"column":5910}},"37":{"start":{"line":194,"column":5942},"end":{"line":194,"column":5968}},"38":{"start":{"line":194,"column":5968},"end":{"line":194,"column":5989}},"39":{"start":{"line":194,"column":5989},"end":{"line":194,"column":6029}},"40":{"start":{"line":194,"column":6060},"end":{"line":194,"column":6086}},"41":{"start":{"line":194,"column":6086},"end":{"line":194,"column":6107}},"42":{"start":{"line":194,"column":6107},"end":{"line":194,"column":6146}},"43":{"start":{"line":194,"column":6195},"end":{"line":194,"column":6242}},"44":{"start":{"line":194,"column":6262},"end":{"line":194,"column":6312}},"45":{"start":{"line":194,"column":6313},"end":{"line":194,"column":6344}},"46":{"start":{"line":194,"column":6344},"end":{"line":194,"column":6379}},"47":{"start":{"line":194,"column":6379},"end":{"line":194,"column":6417}},"48":{"start":{"line":194,"column":6465},"end":{"line":194,"column":6513}},"49":{"start":{"line":194,"column":6538},"end":{"line":194,"column":6587}},"50":{"start":{"line":194,"column":6604},"end":{"line":194,"column":6651}},"51":{"start":{"line":194,"column":6671},"end":{"line":194,"column":6721}},"52":{"start":{"line":194,"column":6741},"end":{"line":194,"column":6791}},"53":{"start":{"line":194,"column":6805},"end":{"line":194,"column":6854}},"54":{"start":{"line":194,"column":6868},"end":{"line":194,"column":6917}},"55":{"start":{"line":195,"column":2},"end":{"line":195,"column":22}},"56":{"start":{"line":196,"column":2},"end":{"line":196,"column":23}},"57":{"start":{"line":197,"column":21},"end":{"line":197,"column":39}},"58":{"start":{"line":197,"column":60},"end":{"line":197,"column":85}},"59":{"start":{"line":197,"column":106},"end":{"line":197,"column":140}},"60":{"start":{"line":197,"column":155},"end":{"line":197,"column":194}},"61":{"start":{"line":197,"column":214},"end":{"line":197,"column":251}},"62":{"start":{"line":197,"column":271},"end":{"line":197,"column":321}},"63":{"start":{"line":199,"column":2},"end":{"line":199,"column":114}},"64":{"start":{"line":199,"column":114},"end":{"line":199,"column":187}},"65":{"start":{"line":199,"column":187},"end":{"line":199,"column":263}},"66":{"start":{"line":200,"column":2},"end":{"line":200,"column":163}},"67":{"start":{"line":200,"column":163},"end":{"line":200,"column":357}},"68":{"start":{"line":200,"column":194},"end":{"line":200,"column":355}},"69":{"start":{"line":200,"column":385},"end":{"line":200,"column":783}},"70":{"start":{"line":200,"column":441},"end":{"line":200,"column":470}},"71":{"start":{"line":200,"column":471},"end":{"line":200,"column":494}},"72":{"start":{"line":200,"column":494},"end":{"line":200,"column":536}},"73":{"start":{"line":200,"column":558},"end":{"line":200,"column":622}},"74":{"start":{"line":200,"column":623},"end":{"line":200,"column":704}},"75":{"start":{"line":200,"column":657},"end":{"line":200,"column":703}},"76":{"start":{"line":200,"column":704},"end":{"line":200,"column":739}},"77":{"start":{"line":200,"column":739},"end":{"line":200,"column":782}},"78":{"start":{"line":200,"column":826},"end":{"line":200,"column":860}},"79":{"start":{"line":200,"column":861},"end":{"line":200,"column":904}},"80":{"start":{"line":200,"column":926},"end":{"line":200,"column":990}},"81":{"start":{"line":200,"column":991},"end":{"line":200,"column":1066}},"82":{"start":{"line":200,"column":1019},"end":{"line":200,"column":1065}},"83":{"start":{"line":200,"column":1066},"end":{"line":200,"column":1101}},"84":{"start":{"line":200,"column":1101},"end":{"line":200,"column":1144}},"85":{"start":{"line":200,"column":1210},"end":{"line":202,"column":3}},"86":{"start":{"line":200,"column":1230},"end":{"line":200,"column":1876}}},"fnMap":{"0":{"name":"(anonymous_0)","decl":{"start":{"line":1,"column":120},"end":{"line":1,"column":121}},"loc":{"start":{"line":1,"column":132},"end":{"line":1,"column":647}},"line":1},"1":{"name":"defineProperties","decl":{"start":{"line":1,"column":142},"end":{"line":1,"column":158}},"loc":{"start":{"line":1,"column":174},"end":{"line":1,"column":441}},"line":1},"2":{"name":"(anonymous_2)","decl":{"start":{"line":1,"column":448},"end":{"line":1,"column":449}},"loc":{"start":{"line":1,"column":496},"end":{"line":1,"column":645}},"line":1},"3":{"name":"_classCallCheck","decl":{"start":{"line":194,"column":717},"end":{"line":194,"column":732}},"loc":{"start":{"line":194,"column":756},"end":{"line":194,"column":857}},"line":194},"4":{"name":"_possibleConstructorReturn","decl":{"start":{"line":194,"column":866},"end":{"line":194,"column":892}},"loc":{"start":{"line":194,"column":905},"end":{"line":194,"column":1092}},"line":194},"5":{"name":"_inherits","decl":{"start":{"line":194,"column":1101},"end":{"line":194,"column":1110}},"loc":{"start":{"line":194,"column":1133},"end":{"line":194,"column":1580}},"line":194},"6":{"name":"(anonymous_6)","decl":{"start":{"line":194,"column":1592},"end":{"line":194,"column":1593}},"loc":{"start":{"line":194,"column":1614},"end":{"line":194,"column":5194}},"line":194},"7":{"name":"Modal","decl":{"start":{"line":194,"column":1679},"end":{"line":194,"column":1684}},"loc":{"start":{"line":194,"column":1692},"end":{"line":194,"column":2727}},"line":194},"8":{"name":"shouldComponentUpdate","decl":{"start":{"line":194,"column":2796},"end":{"line":194,"column":2817}},"loc":{"start":{"line":194,"column":2840},"end":{"line":194,"column":2939}},"line":194},"9":{"name":"render","decl":{"start":{"line":194,"column":2976},"end":{"line":194,"column":2982}},"loc":{"start":{"line":194,"column":2985},"end":{"line":194,"column":5175}},"line":194},"10":{"name":"_onClose","decl":{"start":{"line":194,"column":5874},"end":{"line":194,"column":5882}},"loc":{"start":{"line":194,"column":5885},"end":{"line":194,"column":5911}},"line":194},"11":{"name":"_successBtnHandler","decl":{"start":{"line":194,"column":5920},"end":{"line":194,"column":5938}},"loc":{"start":{"line":194,"column":5941},"end":{"line":194,"column":6030}},"line":194},"12":{"name":"_cancelBtnHandler","decl":{"start":{"line":194,"column":6039},"end":{"line":194,"column":6056}},"loc":{"start":{"line":194,"column":6059},"end":{"line":194,"column":6147}},"line":194},"13":{"name":"_removeOverlayStyle","decl":{"start":{"line":194,"column":6156},"end":{"line":194,"column":6175}},"loc":{"start":{"line":194,"column":6178},"end":{"line":194,"column":6418}},"line":194},"14":{"name":"_afterOpen","decl":{"start":{"line":194,"column":6427},"end":{"line":194,"column":6437}},"loc":{"start":{"line":194,"column":6440},"end":{"line":200,"column":358}},"line":194},"15":{"name":"(anonymous_15)","decl":{"start":{"line":200,"column":181},"end":{"line":200,"column":182}},"loc":{"start":{"line":200,"column":193},"end":{"line":200,"column":356}},"line":200},"16":{"name":"_applyWrapper","decl":{"start":{"line":200,"column":368},"end":{"line":200,"column":381}},"loc":{"start":{"line":200,"column":384},"end":{"line":200,"column":784}},"line":200},"17":{"name":"_removeWrapper","decl":{"start":{"line":200,"column":794},"end":{"line":200,"column":808}},"loc":{"start":{"line":200,"column":811},"end":{"line":200,"column":1145}},"line":200},"18":{"name":"_renderFooter","decl":{"start":{"line":200,"column":1155},"end":{"line":200,"column":1168}},"loc":{"start":{"line":200,"column":1209},"end":{"line":204,"column":1}},"line":200}},"branchMap":{"0":{"loc":{"start":{"line":1,"column":265},"end":{"line":1,"column":295}},"type":"binary-expr","locations":[{"start":{"line":1,"column":265},"end":{"line":1,"column":286}},{"start":{"line":1,"column":290},"end":{"line":1,"column":295}}],"line":1},"1":{"loc":{"start":{"line":1,"column":327},"end":{"line":1,"column":381}},"type":"if","locations":[{"start":{"line":1,"column":327},"end":{"line":1,"column":381}},{"start":{"line":1,"column":327},"end":{"line":1,"column":381}}],"line":1},"2":{"loc":{"start":{"line":1,"column":497},"end":{"line":1,"column":565}},"type":"if","locations":[{"start":{"line":1,"column":497},"end":{"line":1,"column":565}},{"start":{"line":1,"column":497},"end":{"line":1,"column":565}}],"line":1},"3":{"loc":{"start":{"line":1,"column":565},"end":{"line":1,"column":625}},"type":"if","locations":[{"start":{"line":1,"column":565},"end":{"line":1,"column":625}},{"start":{"line":1,"column":565},"end":{"line":1,"column":625}}],"line":1},"4":{"loc":{"start":{"line":194,"column":757},"end":{"line":194,"column":856}},"type":"if","locations":[{"start":{"line":194,"column":757},"end":{"line":194,"column":856}},{"start":{"line":194,"column":757},"end":{"line":194,"column":856}}],"line":194},"5":{"loc":{"start":{"line":194,"column":906},"end":{"line":194,"column":1005}},"type":"if","locations":[{"start":{"line":194,"column":906},"end":{"line":194,"column":1005}},{"start":{"line":194,"column":906},"end":{"line":194,"column":1005}}],"line":194},"6":{"loc":{"start":{"line":194,"column":1012},"end":{"line":194,"column":1090}},"type":"cond-expr","locations":[{"start":{"line":194,"column":1079},"end":{"line":194,"column":1083}},{"start":{"line":194,"column":1086},"end":{"line":194,"column":1090}}],"line":194},"7":{"loc":{"start":{"line":194,"column":1012},"end":{"line":194,"column":1076}},"type":"binary-expr","locations":[{"start":{"line":194,"column":1012},"end":{"line":194,"column":1016}},{"start":{"line":194,"column":1021},"end":{"line":194,"column":1045}},{"start":{"line":194,"column":1049},"end":{"line":194,"column":1075}}],"line":194},"8":{"loc":{"start":{"line":194,"column":1134},"end":{"line":194,"column":1297}},"type":"if","locations":[{"start":{"line":194,"column":1134},"end":{"line":194,"column":1297}},{"start":{"line":194,"column":1134},"end":{"line":194,"column":1297}}],"line":194},"9":{"loc":{"start":{"line":194,"column":1138},"end":{"line":194,"column":1193}},"type":"binary-expr","locations":[{"start":{"line":194,"column":1138},"end":{"line":194,"column":1170}},{"start":{"line":194,"column":1174},"end":{"line":194,"column":1193}}],"line":194},"10":{"loc":{"start":{"line":194,"column":1332},"end":{"line":194,"column":1366}},"type":"binary-expr","locations":[{"start":{"line":194,"column":1332},"end":{"line":194,"column":1342}},{"start":{"line":194,"column":1346},"end":{"line":194,"column":1366}}],"line":194},"11":{"loc":{"start":{"line":194,"column":1461},"end":{"line":194,"column":1579}},"type":"if","locations":[{"start":{"line":194,"column":1461},"end":{"line":194,"column":1579}},{"start":{"line":194,"column":1461},"end":{"line":194,"column":1579}}],"line":194},"12":{"loc":{"start":{"line":194,"column":1477},"end":{"line":194,"column":1578}},"type":"cond-expr","locations":[{"start":{"line":194,"column":1501},"end":{"line":194,"column":1544}},{"start":{"line":194,"column":1547},"end":{"line":194,"column":1578}}],"line":194},"13":{"loc":{"start":{"line":194,"column":1794},"end":{"line":194,"column":1841}},"type":"binary-expr","locations":[{"start":{"line":194,"column":1794},"end":{"line":194,"column":1809}},{"start":{"line":194,"column":1813},"end":{"line":194,"column":1841}}],"line":194},"14":{"loc":{"start":{"line":194,"column":2841},"end":{"line":194,"column":2926}},"type":"if","locations":[{"start":{"line":194,"column":2841},"end":{"line":194,"column":2926}},{"start":{"line":194,"column":2841},"end":{"line":194,"column":2926}}],"line":194},"15":{"loc":{"start":{"line":194,"column":2845},"end":{"line":194,"column":2898}},"type":"binary-expr","locations":[{"start":{"line":194,"column":2845},"end":{"line":194,"column":2854}},{"start":{"line":194,"column":2858},"end":{"line":194,"column":2876}},{"start":{"line":194,"column":2880},"end":{"line":194,"column":2898}}],"line":194},"16":{"loc":{"start":{"line":194,"column":4103},"end":{"line":194,"column":4517}},"type":"binary-expr","locations":[{"start":{"line":194,"column":4103},"end":{"line":194,"column":4117}},{"start":{"line":194,"column":4121},"end":{"line":194,"column":4137}}],"line":194},"17":{"loc":{"start":{"line":194,"column":4519},"end":{"line":194,"column":4737}},"type":"binary-expr","locations":[{"start":{"line":194,"column":4519},"end":{"line":194,"column":4535}}],"line":194},"18":{"loc":{"start":{"line":194,"column":4739},"end":{"line":194,"column":4942}},"type":"binary-expr","locations":[{"start":{"line":194,"column":4739},"end":{"line":194,"column":4756}}],"line":194},"19":{"loc":{"start":{"line":197,"column":155},"end":{"line":197,"column":194}},"type":"cond-expr","locations":[{"start":{"line":197,"column":176},"end":{"line":197,"column":189}},{"start":{"line":197,"column":192},"end":{"line":197,"column":194}}],"line":197},"20":{"loc":{"start":{"line":197,"column":271},"end":{"line":197,"column":321}},"type":"cond-expr","locations":[{"start":{"line":197,"column":280},"end":{"line":197,"column":317}},{"start":{"line":197,"column":320},"end":{"line":197,"column":321}}],"line":197},"21":{"loc":{"start":{"line":200,"column":24},"end":{"line":200,"column":162}},"type":"cond-expr","locations":[{"start":{"line":200,"column":96},"end":{"line":200,"column":124}},{"start":{"line":200,"column":127},"end":{"line":200,"column":162}}],"line":200},"22":{"loc":{"start":{"line":200,"column":24},"end":{"line":200,"column":93}},"type":"binary-expr","locations":[{"start":{"line":200,"column":24},"end":{"line":200,"column":71}},{"start":{"line":200,"column":75},"end":{"line":200,"column":93}}],"line":200},"23":{"loc":{"start":{"line":200,"column":216},"end":{"line":200,"column":354}},"type":"cond-expr","locations":[{"start":{"line":200,"column":288},"end":{"line":200,"column":316}},{"start":{"line":200,"column":319},"end":{"line":200,"column":354}}],"line":200},"24":{"loc":{"start":{"line":200,"column":216},"end":{"line":200,"column":285}},"type":"binary-expr","locations":[{"start":{"line":200,"column":216},"end":{"line":200,"column":263}},{"start":{"line":200,"column":267},"end":{"line":200,"column":285}}],"line":200},"25":{"loc":{"start":{"line":200,"column":385},"end":{"line":200,"column":783}},"type":"if","locations":[{"start":{"line":200,"column":385},"end":{"line":200,"column":783}},{"start":{"line":200,"column":385},"end":{"line":200,"column":783}}],"line":200},"26":{"loc":{"start":{"line":200,"column":1210},"end":{"line":202,"column":3}},"type":"if","locations":[{"start":{"line":200,"column":1210},"end":{"line":202,"column":3}},{"start":{"line":200,"column":1210},"end":{"line":202,"column":3}}],"line":200}},"s":{"0":0,"1":0,"2":0,"3":0,"4":0,"5":0,"6":0,"7":0,"8":0,"9":0,"10":0,"11":0,"12":0,"13":0,"14":0,"15":0,"16":0,"17":0,"18":0,"19":0,"20":0,"21":0,"22":0,"23":0,"24":0,"25":0,"26":0,"27":0,"28":0,"29":0,"30":0,"31":0,"32":0,"33":0,"34":0,"35":0,"36":0,"37":0,"38":0,"39":0,"40":0,"41":0,"42":0,"43":0,"44":0,"45":0,"46":0,"47":0,"48":0,"49":0,"50":0,"51":0,"52":0,"53":0,"54":0,"55":0,"56":0,"57":0,"58":0,"59":0,"60":0,"61":0,"62":0,"63":0,"64":0,"65":0,"66":0,"67":0,"68":0,"69":0,"70":0,"71":0,"72":0,"73":0,"74":0,"75":0,"76":0,"77":0,"78":0,"79":0,"80":0,"81":0,"82":0,"83":0,"84":0,"85":0,"86":0},"f":{"0":0,"1":0,"2":0,"3":0,"4":0,"5":0,"6":0,"7":0,"8":0,"9":0,"10":0,"11":0,"12":0,"13":0,"14":0,"15":0,"16":0,"17":0,"18":0},"b":{"0":[0,0],"1":[0,0],"2":[0,0],"3":[0,0],"4":[0,0],"5":[0,0],"6":[0,0],"7":[0,0,0],"8":[0,0],"9":[0,0],"10":[0,0],"11":[0,0],"12":[0,0],"13":[0,0],"14":[0,0],"15":[0,0,0],"16":[0,0],"17":[0],"18":[0],"19":[0,0],"20":[0,0],"21":[0,0],"22":[0,0],"23":[0,0],"24":[0,0],"25":[0,0],"26":[0,0]}}
}
