{"/Users/ulantja/Workspace/Modal/src/js/Modal.js": {"path":"/Users/ulantja/Workspace/Modal/src/js/Modal.js","statementMap":{"0":{"start":{"line":1,"column":39},"end":{"line":1,"column":101}},"1":{"start":{"line":1,"column":120},"end":{"line":1,"column":649}},"2":{"start":{"line":1,"column":175},"end":{"line":1,"column":440}},"3":{"start":{"line":1,"column":232},"end":{"line":1,"column":240}},"4":{"start":{"line":1,"column":241},"end":{"line":1,"column":296}},"5":{"start":{"line":1,"column":296},"end":{"line":1,"column":327}},"6":{"start":{"line":1,"column":327},"end":{"line":1,"column":381}},"7":{"start":{"line":1,"column":354},"end":{"line":1,"column":381}},"8":{"start":{"line":1,"column":381},"end":{"line":1,"column":439}},"9":{"start":{"line":1,"column":441},"end":{"line":1,"column":646}},"10":{"start":{"line":1,"column":497},"end":{"line":1,"column":565}},"11":{"start":{"line":1,"column":513},"end":{"line":1,"column":565}},"12":{"start":{"line":1,"column":565},"end":{"line":1,"column":625}},"13":{"start":{"line":1,"column":582},"end":{"line":1,"column":625}},"14":{"start":{"line":1,"column":625},"end":{"line":1,"column":644}},"15":{"start":{"line":1,"column":650},"end":{"line":74,"column":20}},"16":{"start":{"line":166,"column":757},"end":{"line":166,"column":856}},"17":{"start":{"line":166,"column":798},"end":{"line":166,"column":855}},"18":{"start":{"line":166,"column":906},"end":{"line":166,"column":1005}},"19":{"start":{"line":166,"column":918},"end":{"line":166,"column":1004}},"20":{"start":{"line":166,"column":1005},"end":{"line":166,"column":1091}},"21":{"start":{"line":166,"column":1134},"end":{"line":166,"column":1297}},"22":{"start":{"line":166,"column":1196},"end":{"line":166,"column":1296}},"23":{"start":{"line":166,"column":1297},"end":{"line":166,"column":1461}},"24":{"start":{"line":166,"column":1461},"end":{"line":166,"column":1579}},"25":{"start":{"line":166,"column":1477},"end":{"line":166,"column":1579}},"26":{"start":{"line":166,"column":1592},"end":{"line":166,"column":4344}},"27":{"start":{"line":166,"column":1615},"end":{"line":166,"column":1644}},"28":{"start":{"line":166,"column":1760},"end":{"line":166,"column":1861}},"29":{"start":{"line":166,"column":2727},"end":{"line":166,"column":4312}},"30":{"start":{"line":166,"column":2949},"end":{"line":166,"column":4306}},"31":{"start":{"line":166,"column":4312},"end":{"line":166,"column":4325}},"32":{"start":{"line":166,"column":4397},"end":{"line":166,"column":4686}},"33":{"start":{"line":166,"column":4707},"end":{"line":166,"column":4731}},"34":{"start":{"line":166,"column":4763},"end":{"line":166,"column":4803}},"35":{"start":{"line":166,"column":4834},"end":{"line":166,"column":4860}},"36":{"start":{"line":166,"column":4860},"end":{"line":166,"column":4881}},"37":{"start":{"line":166,"column":4881},"end":{"line":166,"column":4920}},"38":{"start":{"line":166,"column":4972},"end":{"line":166,"column":5022}},"39":{"start":{"line":166,"column":5023},"end":{"line":166,"column":5047}},"40":{"start":{"line":166,"column":5095},"end":{"line":166,"column":5143}},"41":{"start":{"line":166,"column":5168},"end":{"line":166,"column":5217}},"42":{"start":{"line":166,"column":5234},"end":{"line":166,"column":5281}},"43":{"start":{"line":166,"column":5301},"end":{"line":166,"column":5351}},"44":{"start":{"line":166,"column":5371},"end":{"line":166,"column":5421}},"45":{"start":{"line":166,"column":5435},"end":{"line":166,"column":5484}},"46":{"start":{"line":166,"column":5498},"end":{"line":166,"column":5547}},"47":{"start":{"line":167,"column":2},"end":{"line":167,"column":22}},"48":{"start":{"line":168,"column":2},"end":{"line":168,"column":76}},"49":{"start":{"line":169,"column":21},"end":{"line":169,"column":39}},"50":{"start":{"line":169,"column":60},"end":{"line":169,"column":85}},"51":{"start":{"line":169,"column":106},"end":{"line":169,"column":140}},"52":{"start":{"line":169,"column":155},"end":{"line":169,"column":194}},"53":{"start":{"line":169,"column":214},"end":{"line":169,"column":251}},"54":{"start":{"line":169,"column":271},"end":{"line":169,"column":321}},"55":{"start":{"line":171,"column":2},"end":{"line":171,"column":114}},"56":{"start":{"line":171,"column":114},"end":{"line":171,"column":187}},"57":{"start":{"line":171,"column":187},"end":{"line":171,"column":263}},"58":{"start":{"line":172,"column":2},"end":{"line":172,"column":163}},"59":{"start":{"line":172,"column":163},"end":{"line":172,"column":357}},"60":{"start":{"line":172,"column":194},"end":{"line":172,"column":355}},"61":{"start":{"line":172,"column":385},"end":{"line":172,"column":783}},"62":{"start":{"line":172,"column":441},"end":{"line":172,"column":470}},"63":{"start":{"line":172,"column":471},"end":{"line":172,"column":494}},"64":{"start":{"line":172,"column":494},"end":{"line":172,"column":536}},"65":{"start":{"line":172,"column":558},"end":{"line":172,"column":622}},"66":{"start":{"line":172,"column":623},"end":{"line":172,"column":704}},"67":{"start":{"line":172,"column":657},"end":{"line":172,"column":703}},"68":{"start":{"line":172,"column":704},"end":{"line":172,"column":739}},"69":{"start":{"line":172,"column":739},"end":{"line":172,"column":782}},"70":{"start":{"line":172,"column":826},"end":{"line":172,"column":860}},"71":{"start":{"line":172,"column":861},"end":{"line":172,"column":904}},"72":{"start":{"line":172,"column":926},"end":{"line":172,"column":990}},"73":{"start":{"line":172,"column":991},"end":{"line":172,"column":1066}},"74":{"start":{"line":172,"column":1019},"end":{"line":172,"column":1065}},"75":{"start":{"line":172,"column":1066},"end":{"line":172,"column":1101}},"76":{"start":{"line":172,"column":1101},"end":{"line":172,"column":1144}},"77":{"start":{"line":172,"column":1191},"end":{"line":174,"column":3}},"78":{"start":{"line":172,"column":1211},"end":{"line":172,"column":1828}}},"fnMap":{"0":{"name":"(anonymous_0)","decl":{"start":{"line":1,"column":120},"end":{"line":1,"column":121}},"loc":{"start":{"line":1,"column":132},"end":{"line":1,"column":647}},"line":1},"1":{"name":"defineProperties","decl":{"start":{"line":1,"column":142},"end":{"line":1,"column":158}},"loc":{"start":{"line":1,"column":174},"end":{"line":1,"column":441}},"line":1},"2":{"name":"(anonymous_2)","decl":{"start":{"line":1,"column":448},"end":{"line":1,"column":449}},"loc":{"start":{"line":1,"column":496},"end":{"line":1,"column":645}},"line":1},"3":{"name":"_classCallCheck","decl":{"start":{"line":166,"column":717},"end":{"line":166,"column":732}},"loc":{"start":{"line":166,"column":756},"end":{"line":166,"column":857}},"line":166},"4":{"name":"_possibleConstructorReturn","decl":{"start":{"line":166,"column":866},"end":{"line":166,"column":892}},"loc":{"start":{"line":166,"column":905},"end":{"line":166,"column":1092}},"line":166},"5":{"name":"_inherits","decl":{"start":{"line":166,"column":1101},"end":{"line":166,"column":1110}},"loc":{"start":{"line":166,"column":1133},"end":{"line":166,"column":1580}},"line":166},"6":{"name":"(anonymous_6)","decl":{"start":{"line":166,"column":1592},"end":{"line":166,"column":1593}},"loc":{"start":{"line":166,"column":1614},"end":{"line":166,"column":4326}},"line":166},"7":{"name":"Modal","decl":{"start":{"line":166,"column":1679},"end":{"line":166,"column":1684}},"loc":{"start":{"line":166,"column":1692},"end":{"line":166,"column":2727}},"line":166},"8":{"name":"render","decl":{"start":{"line":166,"column":2781},"end":{"line":166,"column":2787}},"loc":{"start":{"line":166,"column":2790},"end":{"line":166,"column":4307}},"line":166},"9":{"name":"_onClose","decl":{"start":{"line":166,"column":4695},"end":{"line":166,"column":4703}},"loc":{"start":{"line":166,"column":4706},"end":{"line":166,"column":4732}},"line":166},"10":{"name":"_successBtnHandler","decl":{"start":{"line":166,"column":4741},"end":{"line":166,"column":4759}},"loc":{"start":{"line":166,"column":4762},"end":{"line":166,"column":4804}},"line":166},"11":{"name":"_cancelBtnHandler","decl":{"start":{"line":166,"column":4813},"end":{"line":166,"column":4830}},"loc":{"start":{"line":166,"column":4833},"end":{"line":166,"column":4921}},"line":166},"12":{"name":"_removeOverlayStyle","decl":{"start":{"line":166,"column":4930},"end":{"line":166,"column":4949}},"loc":{"start":{"line":166,"column":4952},"end":{"line":166,"column":5048}},"line":166},"13":{"name":"_afterOpen","decl":{"start":{"line":166,"column":5057},"end":{"line":166,"column":5067}},"loc":{"start":{"line":166,"column":5070},"end":{"line":172,"column":358}},"line":166},"14":{"name":"(anonymous_14)","decl":{"start":{"line":172,"column":181},"end":{"line":172,"column":182}},"loc":{"start":{"line":172,"column":193},"end":{"line":172,"column":356}},"line":172},"15":{"name":"_applyWrapper","decl":{"start":{"line":172,"column":368},"end":{"line":172,"column":381}},"loc":{"start":{"line":172,"column":384},"end":{"line":172,"column":784}},"line":172},"16":{"name":"_removeWrapper","decl":{"start":{"line":172,"column":794},"end":{"line":172,"column":808}},"loc":{"start":{"line":172,"column":811},"end":{"line":172,"column":1145}},"line":172},"17":{"name":"_renderFooter","decl":{"start":{"line":172,"column":1155},"end":{"line":172,"column":1168}},"loc":{"start":{"line":172,"column":1190},"end":{"line":176,"column":1}},"line":172}},"branchMap":{"0":{"loc":{"start":{"line":1,"column":265},"end":{"line":1,"column":295}},"type":"binary-expr","locations":[{"start":{"line":1,"column":265},"end":{"line":1,"column":286}},{"start":{"line":1,"column":290},"end":{"line":1,"column":295}}],"line":1},"1":{"loc":{"start":{"line":1,"column":327},"end":{"line":1,"column":381}},"type":"if","locations":[{"start":{"line":1,"column":327},"end":{"line":1,"column":381}},{"start":{"line":1,"column":327},"end":{"line":1,"column":381}}],"line":1},"2":{"loc":{"start":{"line":1,"column":497},"end":{"line":1,"column":565}},"type":"if","locations":[{"start":{"line":1,"column":497},"end":{"line":1,"column":565}},{"start":{"line":1,"column":497},"end":{"line":1,"column":565}}],"line":1},"3":{"loc":{"start":{"line":1,"column":565},"end":{"line":1,"column":625}},"type":"if","locations":[{"start":{"line":1,"column":565},"end":{"line":1,"column":625}},{"start":{"line":1,"column":565},"end":{"line":1,"column":625}}],"line":1},"4":{"loc":{"start":{"line":166,"column":757},"end":{"line":166,"column":856}},"type":"if","locations":[{"start":{"line":166,"column":757},"end":{"line":166,"column":856}},{"start":{"line":166,"column":757},"end":{"line":166,"column":856}}],"line":166},"5":{"loc":{"start":{"line":166,"column":906},"end":{"line":166,"column":1005}},"type":"if","locations":[{"start":{"line":166,"column":906},"end":{"line":166,"column":1005}},{"start":{"line":166,"column":906},"end":{"line":166,"column":1005}}],"line":166},"6":{"loc":{"start":{"line":166,"column":1012},"end":{"line":166,"column":1090}},"type":"cond-expr","locations":[{"start":{"line":166,"column":1079},"end":{"line":166,"column":1083}},{"start":{"line":166,"column":1086},"end":{"line":166,"column":1090}}],"line":166},"7":{"loc":{"start":{"line":166,"column":1012},"end":{"line":166,"column":1076}},"type":"binary-expr","locations":[{"start":{"line":166,"column":1012},"end":{"line":166,"column":1016}},{"start":{"line":166,"column":1021},"end":{"line":166,"column":1045}},{"start":{"line":166,"column":1049},"end":{"line":166,"column":1075}}],"line":166},"8":{"loc":{"start":{"line":166,"column":1134},"end":{"line":166,"column":1297}},"type":"if","locations":[{"start":{"line":166,"column":1134},"end":{"line":166,"column":1297}},{"start":{"line":166,"column":1134},"end":{"line":166,"column":1297}}],"line":166},"9":{"loc":{"start":{"line":166,"column":1138},"end":{"line":166,"column":1193}},"type":"binary-expr","locations":[{"start":{"line":166,"column":1138},"end":{"line":166,"column":1170}},{"start":{"line":166,"column":1174},"end":{"line":166,"column":1193}}],"line":166},"10":{"loc":{"start":{"line":166,"column":1332},"end":{"line":166,"column":1366}},"type":"binary-expr","locations":[{"start":{"line":166,"column":1332},"end":{"line":166,"column":1342}},{"start":{"line":166,"column":1346},"end":{"line":166,"column":1366}}],"line":166},"11":{"loc":{"start":{"line":166,"column":1461},"end":{"line":166,"column":1579}},"type":"if","locations":[{"start":{"line":166,"column":1461},"end":{"line":166,"column":1579}},{"start":{"line":166,"column":1461},"end":{"line":166,"column":1579}}],"line":166},"12":{"loc":{"start":{"line":166,"column":1477},"end":{"line":166,"column":1578}},"type":"cond-expr","locations":[{"start":{"line":166,"column":1501},"end":{"line":166,"column":1544}},{"start":{"line":166,"column":1547},"end":{"line":166,"column":1578}}],"line":166},"13":{"loc":{"start":{"line":166,"column":1794},"end":{"line":166,"column":1841}},"type":"binary-expr","locations":[{"start":{"line":166,"column":1794},"end":{"line":166,"column":1809}},{"start":{"line":166,"column":1813},"end":{"line":166,"column":1841}}],"line":166},"14":{"loc":{"start":{"line":166,"column":3480},"end":{"line":166,"column":3874}},"type":"binary-expr","locations":[{"start":{"line":166,"column":3480},"end":{"line":166,"column":3494}}],"line":166},"15":{"loc":{"start":{"line":166,"column":3876},"end":{"line":166,"column":4094}},"type":"binary-expr","locations":[{"start":{"line":166,"column":3876},"end":{"line":166,"column":3892}}],"line":166},"16":{"loc":{"start":{"line":168,"column":2},"end":{"line":168,"column":75}},"type":"cond-expr","locations":[{"start":{"line":168,"column":22},"end":{"line":168,"column":47}},{"start":{"line":168,"column":50},"end":{"line":168,"column":75}}],"line":168},"17":{"loc":{"start":{"line":169,"column":155},"end":{"line":169,"column":194}},"type":"cond-expr","locations":[{"start":{"line":169,"column":176},"end":{"line":169,"column":189}},{"start":{"line":169,"column":192},"end":{"line":169,"column":194}}],"line":169},"18":{"loc":{"start":{"line":169,"column":271},"end":{"line":169,"column":321}},"type":"cond-expr","locations":[{"start":{"line":169,"column":280},"end":{"line":169,"column":317}},{"start":{"line":169,"column":320},"end":{"line":169,"column":321}}],"line":169},"19":{"loc":{"start":{"line":172,"column":24},"end":{"line":172,"column":162}},"type":"cond-expr","locations":[{"start":{"line":172,"column":96},"end":{"line":172,"column":124}},{"start":{"line":172,"column":127},"end":{"line":172,"column":162}}],"line":172},"20":{"loc":{"start":{"line":172,"column":24},"end":{"line":172,"column":93}},"type":"binary-expr","locations":[{"start":{"line":172,"column":24},"end":{"line":172,"column":71}},{"start":{"line":172,"column":75},"end":{"line":172,"column":93}}],"line":172},"21":{"loc":{"start":{"line":172,"column":216},"end":{"line":172,"column":354}},"type":"cond-expr","locations":[{"start":{"line":172,"column":288},"end":{"line":172,"column":316}},{"start":{"line":172,"column":319},"end":{"line":172,"column":354}}],"line":172},"22":{"loc":{"start":{"line":172,"column":216},"end":{"line":172,"column":285}},"type":"binary-expr","locations":[{"start":{"line":172,"column":216},"end":{"line":172,"column":263}},{"start":{"line":172,"column":267},"end":{"line":172,"column":285}}],"line":172},"23":{"loc":{"start":{"line":172,"column":385},"end":{"line":172,"column":783}},"type":"if","locations":[{"start":{"line":172,"column":385},"end":{"line":172,"column":783}},{"start":{"line":172,"column":385},"end":{"line":172,"column":783}}],"line":172},"24":{"loc":{"start":{"line":172,"column":1191},"end":{"line":174,"column":3}},"type":"if","locations":[{"start":{"line":172,"column":1191},"end":{"line":174,"column":3}},{"start":{"line":172,"column":1191},"end":{"line":174,"column":3}}],"line":172}},"s":{"0":0,"1":0,"2":0,"3":0,"4":0,"5":0,"6":0,"7":0,"8":0,"9":0,"10":0,"11":0,"12":0,"13":0,"14":0,"15":0,"16":0,"17":0,"18":0,"19":0,"20":0,"21":0,"22":0,"23":0,"24":0,"25":0,"26":0,"27":0,"28":0,"29":0,"30":0,"31":0,"32":0,"33":0,"34":0,"35":0,"36":0,"37":0,"38":0,"39":0,"40":0,"41":0,"42":0,"43":0,"44":0,"45":0,"46":0,"47":0,"48":0,"49":0,"50":0,"51":0,"52":0,"53":0,"54":0,"55":0,"56":0,"57":0,"58":0,"59":0,"60":0,"61":0,"62":0,"63":0,"64":0,"65":0,"66":0,"67":0,"68":0,"69":0,"70":0,"71":0,"72":0,"73":0,"74":0,"75":0,"76":0,"77":0,"78":0},"f":{"0":0,"1":0,"2":0,"3":0,"4":0,"5":0,"6":0,"7":0,"8":0,"9":0,"10":0,"11":0,"12":0,"13":0,"14":0,"15":0,"16":0,"17":0},"b":{"0":[0,0],"1":[0,0],"2":[0,0],"3":[0,0],"4":[0,0],"5":[0,0],"6":[0,0],"7":[0,0,0],"8":[0,0],"9":[0,0],"10":[0,0],"11":[0,0],"12":[0,0],"13":[0,0],"14":[0],"15":[0],"16":[0,0],"17":[0,0],"18":[0,0],"19":[0,0],"20":[0,0],"21":[0,0],"22":[0,0],"23":[0,0],"24":[0,0]}}
}
