TN:
SF:/Users/ulantja/Workspace/Modal/src/js/Modal.js
FN:1,(anonymous_0)
FN:1,defineProperties
FN:1,(anonymous_2)
FN:194,_classCallCheck
FN:194,_possibleConstructorReturn
FN:194,_inherits
FN:194,(anonymous_6)
FN:194,Modal
FN:194,shouldComponentUpdate
FN:194,render
FN:194,_onClose
FN:194,_successBtnHandler
FN:194,_cancelBtnHandler
FN:194,_removeOverlayStyle
FN:194,_afterOpen
FN:200,(anonymous_15)
FN:200,_applyWrapper
FN:200,_removeWrapper
FN:200,_renderFooter
FNF:19
FNH:0
FNDA:0,(anonymous_0)
FNDA:0,defineProperties
FNDA:0,(anonymous_2)
FNDA:0,_classCallCheck
FNDA:0,_possibleConstructorReturn
FNDA:0,_inherits
FNDA:0,(anonymous_6)
FNDA:0,Modal
FNDA:0,shouldComponentUpdate
FNDA:0,render
FNDA:0,_onClose
FNDA:0,_successBtnHandler
FNDA:0,_cancelBtnHandler
FNDA:0,_removeOverlayStyle
FNDA:0,_afterOpen
FNDA:0,(anonymous_15)
FNDA:0,_applyWrapper
FNDA:0,_removeWrapper
FNDA:0,_renderFooter
DA:1,0
DA:194,0
DA:195,0
DA:196,0
DA:197,0
DA:199,0
DA:200,0
LF:7
LH:0
BRDA:1,0,0,0
BRDA:1,0,1,0
BRDA:1,1,0,0
BRDA:1,1,1,0
BRDA:1,2,0,0
BRDA:1,2,1,0
BRDA:1,3,0,0
BRDA:1,3,1,0
BRDA:194,4,0,0
BRDA:194,4,1,0
BRDA:194,5,0,0
BRDA:194,5,1,0
BRDA:194,6,0,0
BRDA:194,6,1,0
BRDA:194,7,0,0
BRDA:194,7,1,0
BRDA:194,7,2,0
BRDA:194,8,0,0
BRDA:194,8,1,0
BRDA:194,9,0,0
BRDA:194,9,1,0
BRDA:194,10,0,0
BRDA:194,10,1,0
BRDA:194,11,0,0
BRDA:194,11,1,0
BRDA:194,12,0,0
BRDA:194,12,1,0
BRDA:194,13,0,0
BRDA:194,13,1,0
BRDA:194,14,0,0
BRDA:194,14,1,0
BRDA:194,15,0,0
BRDA:194,15,1,0
BRDA:194,15,2,0
BRDA:194,16,0,0
BRDA:194,16,1,0
BRDA:194,17,0,0
BRDA:194,18,0,0
BRDA:197,19,0,0
BRDA:197,19,1,0
BRDA:197,20,0,0
BRDA:197,20,1,0
BRDA:200,21,0,0
BRDA:200,21,1,0
BRDA:200,22,0,0
BRDA:200,22,1,0
BRDA:200,23,0,0
BRDA:200,23,1,0
BRDA:200,24,0,0
BRDA:200,24,1,0
BRDA:200,25,0,0
BRDA:200,25,1,0
BRDA:200,26,0,0
BRDA:200,26,1,0
BRF:54
BRH:0
end_of_record
