TN:
SF:/Users/ulantja/Workspace/Modal/src/js/Modal.js
FN:1,(anonymous_0)
FN:1,defineProperties
FN:1,(anonymous_2)
FN:166,_classCallCheck
FN:166,_possibleConstructorReturn
FN:166,_inherits
FN:166,(anonymous_6)
FN:166,Modal
FN:166,render
FN:166,_onClose
FN:166,_successBtnHandler
FN:166,_cancelBtnHandler
FN:166,_removeOverlayStyle
FN:166,_afterOpen
FN:172,(anonymous_14)
FN:172,_applyWrapper
FN:172,_removeWrapper
FN:172,_renderFooter
FNF:18
FNH:0
FNDA:0,(anonymous_0)
FNDA:0,defineProperties
FNDA:0,(anonymous_2)
FNDA:0,_classCallCheck
FNDA:0,_possibleConstructorReturn
FNDA:0,_inherits
FNDA:0,(anonymous_6)
FNDA:0,Modal
FNDA:0,render
FNDA:0,_onClose
FNDA:0,_successBtnHandler
FNDA:0,_cancelBtnHandler
FNDA:0,_removeOverlayStyle
FNDA:0,_afterOpen
FNDA:0,(anonymous_14)
FNDA:0,_applyWrapper
FNDA:0,_removeWrapper
FNDA:0,_renderFooter
DA:1,0
DA:166,0
DA:167,0
DA:168,0
DA:169,0
DA:171,0
DA:172,0
LF:7
LH:0
BRDA:1,0,0,0
BRDA:1,0,1,0
BRDA:1,1,0,0
BRDA:1,1,1,0
BRDA:1,2,0,0
BRDA:1,2,1,0
BRDA:1,3,0,0
BRDA:1,3,1,0
BRDA:166,4,0,0
BRDA:166,4,1,0
BRDA:166,5,0,0
BRDA:166,5,1,0
BRDA:166,6,0,0
BRDA:166,6,1,0
BRDA:166,7,0,0
BRDA:166,7,1,0
BRDA:166,7,2,0
BRDA:166,8,0,0
BRDA:166,8,1,0
BRDA:166,9,0,0
BRDA:166,9,1,0
BRDA:166,10,0,0
BRDA:166,10,1,0
BRDA:166,11,0,0
BRDA:166,11,1,0
BRDA:166,12,0,0
BRDA:166,12,1,0
BRDA:166,13,0,0
BRDA:166,13,1,0
BRDA:166,14,0,0
BRDA:166,15,0,0
BRDA:168,16,0,0
BRDA:168,16,1,0
BRDA:169,17,0,0
BRDA:169,17,1,0
BRDA:169,18,0,0
BRDA:169,18,1,0
BRDA:172,19,0,0
BRDA:172,19,1,0
BRDA:172,20,0,0
BRDA:172,20,1,0
BRDA:172,21,0,0
BRDA:172,21,1,0
BRDA:172,22,0,0
BRDA:172,22,1,0
BRDA:172,23,0,0
BRDA:172,23,1,0
BRDA:172,24,0,0
BRDA:172,24,1,0
BRF:49
BRH:0
end_of_record
